  olasilikVize.cpp
C:\Users\Ahsen\Desktop\olasılık\olasilikVize\olasilikVize.cpp(81,13): warning C4244: '=': 'double' - 'float' dönüşümü; veri kaybı olabilir
C:\Users\Ahsen\Desktop\olasılık\olasilikVize\olasilikVize.cpp(82,13): warning C4244: '=': 'float' - 'int' dönüşümü; veri kaybı olabilir
C:\Users\Ahsen\Desktop\olasılık\olasilikVize\olasilikVize.cpp(88,21): warning C4244: '=': '_Ty' - 'int' dönüşümü; veri kaybı olabilir
C:\Users\Ahsen\Desktop\olasılık\olasilikVize\olasilikVize.cpp(88,21): warning C4244:         with
C:\Users\Ahsen\Desktop\olasılık\olasilikVize\olasilikVize.cpp(88,21): warning C4244:         [
C:\Users\Ahsen\Desktop\olasılık\olasilikVize\olasilikVize.cpp(88,21): warning C4244:             _Ty=double
C:\Users\Ahsen\Desktop\olasılık\olasilikVize\olasilikVize.cpp(88,21): warning C4244:         ]
C:\Users\Ahsen\Desktop\olasılık\olasilikVize\olasilikVize.cpp(91,16): warning C4244: '=': 'int' - 'float' dönüşümü; veri kaybı olabilir
C:\Users\Ahsen\Desktop\olasılık\olasilikVize\olasilikVize.cpp(92,17): warning C4244: '=': 'int' - 'float' dönüşümü; veri kaybı olabilir
C:\Users\Ahsen\Desktop\olasılık\olasilikVize\olasilikVize.cpp(95,16): warning C4244: '=': 'int' - 'float' dönüşümü; veri kaybı olabilir
C:\Users\Ahsen\Desktop\olasılık\olasilikVize\olasilikVize.cpp(96,17): warning C4244: '=': 'int' - 'float' dönüşümü; veri kaybı olabilir
C:\Users\Ahsen\Desktop\olasılık\olasilikVize\olasilikVize.cpp(118,26): warning C4244: 'başlatılıyor': '_Ty' - 'float' dönüşümü; veri kaybı olabilir
C:\Users\Ahsen\Desktop\olasılık\olasilikVize\olasilikVize.cpp(118,26): warning C4244:         with
C:\Users\Ahsen\Desktop\olasılık\olasilikVize\olasilikVize.cpp(118,26): warning C4244:         [
C:\Users\Ahsen\Desktop\olasılık\olasilikVize\olasilikVize.cpp(118,26): warning C4244:             _Ty=double
C:\Users\Ahsen\Desktop\olasılık\olasilikVize\olasilikVize.cpp(118,26): warning C4244:         ]
C:\Users\Ahsen\Desktop\olasılık\olasilikVize\olasilikVize.cpp(119,26): warning C4244: 'başlatılıyor': '_Ty' - 'float' dönüşümü; veri kaybı olabilir
C:\Users\Ahsen\Desktop\olasılık\olasilikVize\olasilikVize.cpp(119,26): warning C4244:         with
C:\Users\Ahsen\Desktop\olasılık\olasilikVize\olasilikVize.cpp(119,26): warning C4244:         [
C:\Users\Ahsen\Desktop\olasılık\olasilikVize\olasilikVize.cpp(119,26): warning C4244:             _Ty=double
C:\Users\Ahsen\Desktop\olasılık\olasilikVize\olasilikVize.cpp(119,26): warning C4244:         ]
C:\Users\Ahsen\Desktop\olasılık\olasilikVize\olasilikVize.cpp(127,26): warning C4244: 'başlatılıyor': '_Ty' - 'float' dönüşümü; veri kaybı olabilir
C:\Users\Ahsen\Desktop\olasılık\olasilikVize\olasilikVize.cpp(127,26): warning C4244:         with
C:\Users\Ahsen\Desktop\olasılık\olasilikVize\olasilikVize.cpp(127,26): warning C4244:         [
C:\Users\Ahsen\Desktop\olasılık\olasilikVize\olasilikVize.cpp(127,26): warning C4244:             _Ty=double
C:\Users\Ahsen\Desktop\olasılık\olasilikVize\olasilikVize.cpp(127,26): warning C4244:         ]
C:\Users\Ahsen\Desktop\olasılık\olasilikVize\olasilikVize.cpp(128,26): warning C4244: 'başlatılıyor': '_Ty' - 'float' dönüşümü; veri kaybı olabilir
C:\Users\Ahsen\Desktop\olasılık\olasilikVize\olasilikVize.cpp(128,26): warning C4244:         with
C:\Users\Ahsen\Desktop\olasılık\olasilikVize\olasilikVize.cpp(128,26): warning C4244:         [
C:\Users\Ahsen\Desktop\olasılık\olasilikVize\olasilikVize.cpp(128,26): warning C4244:             _Ty=double
C:\Users\Ahsen\Desktop\olasılık\olasilikVize\olasilikVize.cpp(128,26): warning C4244:         ]
C:\Users\Ahsen\Desktop\olasılık\olasilikVize\olasilikVize.cpp(140,17): warning C4244: '=': 'int' - '_Ty' dönüşümü; veri kaybı olabilir
C:\Users\Ahsen\Desktop\olasılık\olasilikVize\olasilikVize.cpp(140,17): warning C4244:         with
C:\Users\Ahsen\Desktop\olasılık\olasilikVize\olasilikVize.cpp(140,17): warning C4244:         [
C:\Users\Ahsen\Desktop\olasılık\olasilikVize\olasilikVize.cpp(140,17): warning C4244:             _Ty=float
C:\Users\Ahsen\Desktop\olasılık\olasilikVize\olasilikVize.cpp(140,17): warning C4244:         ]
C:\Users\Ahsen\Desktop\olasılık\olasilikVize\olasilikVize.cpp(151,27): warning C4244: '=': 'int' - '_Ty' dönüşümü; veri kaybı olabilir
C:\Users\Ahsen\Desktop\olasılık\olasilikVize\olasilikVize.cpp(151,27): warning C4244:         with
C:\Users\Ahsen\Desktop\olasılık\olasilikVize\olasilikVize.cpp(151,27): warning C4244:         [
C:\Users\Ahsen\Desktop\olasılık\olasilikVize\olasilikVize.cpp(151,27): warning C4244:             _Ty=float
C:\Users\Ahsen\Desktop\olasılık\olasilikVize\olasilikVize.cpp(151,27): warning C4244:         ]
C:\Users\Ahsen\Desktop\olasılık\olasilikVize\olasilikVize.cpp(166,27): warning C4244: '+=': '_Ty' - 'int' dönüşümü; veri kaybı olabilir
C:\Users\Ahsen\Desktop\olasılık\olasilikVize\olasilikVize.cpp(166,27): warning C4244:         with
C:\Users\Ahsen\Desktop\olasılık\olasilikVize\olasilikVize.cpp(166,27): warning C4244:         [
C:\Users\Ahsen\Desktop\olasılık\olasilikVize\olasilikVize.cpp(166,27): warning C4244:             _Ty=float
C:\Users\Ahsen\Desktop\olasılık\olasilikVize\olasilikVize.cpp(166,27): warning C4244:         ]
C:\Users\Ahsen\Desktop\olasılık\olasilikVize\olasilikVize.cpp(167,21): warning C4244: '=': 'int' - '_Ty' dönüşümü; veri kaybı olabilir
C:\Users\Ahsen\Desktop\olasılık\olasilikVize\olasilikVize.cpp(167,21): warning C4244:         with
C:\Users\Ahsen\Desktop\olasılık\olasilikVize\olasilikVize.cpp(167,21): warning C4244:         [
C:\Users\Ahsen\Desktop\olasılık\olasilikVize\olasilikVize.cpp(167,21): warning C4244:             _Ty=float
C:\Users\Ahsen\Desktop\olasılık\olasilikVize\olasilikVize.cpp(167,21): warning C4244:         ]
C:\Users\Ahsen\Desktop\olasılık\olasilikVize\olasilikVize.cpp(198,11): warning C4267: 'başlatılıyor': 'size_t' - 'int' dönüşümü; veri kaybı olabilir
C:\Users\Ahsen\Desktop\olasılık\olasilikVize\olasilikVize.cpp(328,15): warning C4244: 'bağımsız değişken': 'time_t' - 'unsigned int' dönüşümü; veri kaybı olabilir
C:\Users\Ahsen\Desktop\olasılık\olasilikVize\olasilikVize.cpp(378,15): warning C4244: 'bağımsız değişken': 'time_t' - 'unsigned int' dönüşümü; veri kaybı olabilir
  olasilikVize.vcxproj -> C:\Users\Ahsen\Desktop\olasılık\olasilikVize\x64\Debug\olasilikVize.exe
